
*****************************************
Setting OMP_NUM_THREADS environment variable for each process to be 1 in default, to avoid your system being overloaded, please further tune the variable for optimal performance in your application as needed. 
*****************************************
/data/leuven/373/vsc37341/miniconda3/envs/wsi_env/lib/python3.11/site-packages/timm/models/helpers.py:7: FutureWarning: Importing from timm.models.helpers is deprecated, please import via timm.models
  warnings.warn(f"Importing from {__name__} is deprecated, please import via timm.models", FutureWarning)
/data/leuven/373/vsc37341/miniconda3/envs/wsi_env/lib/python3.11/site-packages/timm/models/helpers.py:7: FutureWarning: Importing from timm.models.helpers is deprecated, please import via timm.models
  warnings.warn(f"Importing from {__name__} is deprecated, please import via timm.models", FutureWarning)
/data/leuven/373/vsc37341/miniconda3/envs/wsi_env/lib/python3.11/site-packages/timm/optim/optim_factory.py:7: FutureWarning: Importing from timm.optim.optim_factory is deprecated, please import via timm.optim
  warnings.warn(f"Importing from {__name__} is deprecated, please import via timm.optim", FutureWarning)
/data/leuven/373/vsc37341/miniconda3/envs/wsi_env/lib/python3.11/site-packages/timm/optim/optim_factory.py:7: FutureWarning: Importing from timm.optim.optim_factory is deprecated, please import via timm.optim
  warnings.warn(f"Importing from {__name__} is deprecated, please import via timm.optim", FutureWarning)
/data/leuven/373/vsc37341/miniconda3/envs/wsi_env/lib/python3.11/site-packages/timm/models/registry.py:4: FutureWarning: Importing from timm.models.registry is deprecated, please import via timm.models
  warnings.warn(f"Importing from {__name__} is deprecated, please import via timm.models", FutureWarning)
/data/leuven/373/vsc37341/miniconda3/envs/wsi_env/lib/python3.11/site-packages/timm/models/registry.py:4: FutureWarning: Importing from timm.models.registry is deprecated, please import via timm.models
  warnings.warn(f"Importing from {__name__} is deprecated, please import via timm.models", FutureWarning)
/vsc-hard-mounts/leuven-data/373/vsc37341/solo-learn/solo/backbones/convnext/convnext.py:26: UserWarning: Overwriting convnext_tiny in registry with solo.backbones.convnext.convnext.convnext_tiny. This is because the name being registered conflicts with an existing name. Please check if this is not expected.
  @register_model
/vsc-hard-mounts/leuven-data/373/vsc37341/solo-learn/solo/backbones/convnext/convnext.py:33: UserWarning: Overwriting convnext_small in registry with solo.backbones.convnext.convnext.convnext_small. This is because the name being registered conflicts with an existing name. Please check if this is not expected.
  @register_model
/vsc-hard-mounts/leuven-data/373/vsc37341/solo-learn/solo/backbones/convnext/convnext.py:40: UserWarning: Overwriting convnext_base in registry with solo.backbones.convnext.convnext.convnext_base. This is because the name being registered conflicts with an existing name. Please check if this is not expected.
  @register_model
/vsc-hard-mounts/leuven-data/373/vsc37341/solo-learn/solo/backbones/convnext/convnext.py:47: UserWarning: Overwriting convnext_large in registry with solo.backbones.convnext.convnext.convnext_large. This is because the name being registered conflicts with an existing name. Please check if this is not expected.
  @register_model
/vsc-hard-mounts/leuven-data/373/vsc37341/solo-learn/solo/backbones/convnext/convnext.py:26: UserWarning: Overwriting convnext_tiny in registry with solo.backbones.convnext.convnext.convnext_tiny. This is because the name being registered conflicts with an existing name. Please check if this is not expected.
  @register_model
/vsc-hard-mounts/leuven-data/373/vsc37341/solo-learn/solo/backbones/convnext/convnext.py:33: UserWarning: Overwriting convnext_small in registry with solo.backbones.convnext.convnext.convnext_small. This is because the name being registered conflicts with an existing name. Please check if this is not expected.
  @register_model
/vsc-hard-mounts/leuven-data/373/vsc37341/solo-learn/solo/backbones/convnext/convnext.py:40: UserWarning: Overwriting convnext_base in registry with solo.backbones.convnext.convnext.convnext_base. This is because the name being registered conflicts with an existing name. Please check if this is not expected.
  @register_model
/vsc-hard-mounts/leuven-data/373/vsc37341/solo-learn/solo/backbones/convnext/convnext.py:47: UserWarning: Overwriting convnext_large in registry with solo.backbones.convnext.convnext.convnext_large. This is because the name being registered conflicts with an existing name. Please check if this is not expected.
  @register_model
/data/leuven/373/vsc37341/miniconda3/envs/wsi_env/lib/python3.11/site-packages/timm/models/layers/__init__.py:48: FutureWarning: Importing from timm.models.layers is deprecated, please import via timm.layers
  warnings.warn(f"Importing from {__name__} is deprecated, please import via timm.layers", FutureWarning)
/data/leuven/373/vsc37341/miniconda3/envs/wsi_env/lib/python3.11/site-packages/timm/models/layers/__init__.py:48: FutureWarning: Importing from timm.models.layers is deprecated, please import via timm.layers
  warnings.warn(f"Importing from {__name__} is deprecated, please import via timm.layers", FutureWarning)
/vsc-hard-mounts/leuven-data/373/vsc37341/solo-learn/solo/backbones/poolformer/poolformer.py:421: UserWarning: Overwriting poolformer_s12 in registry with solo.backbones.poolformer.poolformer.poolformer_s12. This is because the name being registered conflicts with an existing name. Please check if this is not expected.
  @register_model
/vsc-hard-mounts/leuven-data/373/vsc37341/solo-learn/solo/backbones/poolformer/poolformer.py:446: UserWarning: Overwriting poolformer_s24 in registry with solo.backbones.poolformer.poolformer.poolformer_s24. This is because the name being registered conflicts with an existing name. Please check if this is not expected.
  @register_model
/vsc-hard-mounts/leuven-data/373/vsc37341/solo-learn/solo/backbones/poolformer/poolformer.py:467: UserWarning: Overwriting poolformer_s36 in registry with solo.backbones.poolformer.poolformer.poolformer_s36. This is because the name being registered conflicts with an existing name. Please check if this is not expected.
  @register_model
/vsc-hard-mounts/leuven-data/373/vsc37341/solo-learn/solo/backbones/poolformer/poolformer.py:489: UserWarning: Overwriting poolformer_m36 in registry with solo.backbones.poolformer.poolformer.poolformer_m36. This is because the name being registered conflicts with an existing name. Please check if this is not expected.
  @register_model
/vsc-hard-mounts/leuven-data/373/vsc37341/solo-learn/solo/backbones/poolformer/poolformer.py:511: UserWarning: Overwriting poolformer_m48 in registry with solo.backbones.poolformer.poolformer.poolformer_m48. This is because the name being registered conflicts with an existing name. Please check if this is not expected.
  @register_model
/vsc-hard-mounts/leuven-data/373/vsc37341/solo-learn/solo/backbones/poolformer/poolformer.py:421: UserWarning: Overwriting poolformer_s12 in registry with solo.backbones.poolformer.poolformer.poolformer_s12. This is because the name being registered conflicts with an existing name. Please check if this is not expected.
  @register_model
/vsc-hard-mounts/leuven-data/373/vsc37341/solo-learn/solo/backbones/poolformer/poolformer.py:446: UserWarning: Overwriting poolformer_s24 in registry with solo.backbones.poolformer.poolformer.poolformer_s24. This is because the name being registered conflicts with an existing name. Please check if this is not expected.
  @register_model
/vsc-hard-mounts/leuven-data/373/vsc37341/solo-learn/solo/backbones/poolformer/poolformer.py:467: UserWarning: Overwriting poolformer_s36 in registry with solo.backbones.poolformer.poolformer.poolformer_s36. This is because the name being registered conflicts with an existing name. Please check if this is not expected.
  @register_model
/vsc-hard-mounts/leuven-data/373/vsc37341/solo-learn/solo/backbones/poolformer/poolformer.py:489: UserWarning: Overwriting poolformer_m36 in registry with solo.backbones.poolformer.poolformer.poolformer_m36. This is because the name being registered conflicts with an existing name. Please check if this is not expected.
  @register_model
/vsc-hard-mounts/leuven-data/373/vsc37341/solo-learn/solo/backbones/poolformer/poolformer.py:511: UserWarning: Overwriting poolformer_m48 in registry with solo.backbones.poolformer.poolformer.poolformer_m48. This is because the name being registered conflicts with an existing name. Please check if this is not expected.
  @register_model
/vsc-hard-mounts/leuven-data/373/vsc37341/solo-learn/solo/utils/whitening.py:43: FutureWarning: `torch.cuda.amp.custom_fwd(args...)` is deprecated. Please use `torch.amp.custom_fwd(args..., device_type='cuda')` instead.
  @custom_fwd(cast_inputs=torch.float32)
/vsc-hard-mounts/leuven-data/373/vsc37341/solo-learn/solo/utils/whitening.py:220: FutureWarning: `torch.cuda.amp.custom_fwd(args...)` is deprecated. Please use `torch.amp.custom_fwd(args..., device_type='cuda')` instead.
  @custom_fwd(cast_inputs=torch.float32)
/vsc-hard-mounts/leuven-data/373/vsc37341/solo-learn/solo/utils/whitening.py:43: FutureWarning: `torch.cuda.amp.custom_fwd(args...)` is deprecated. Please use `torch.amp.custom_fwd(args..., device_type='cuda')` instead.
  @custom_fwd(cast_inputs=torch.float32)
/vsc-hard-mounts/leuven-data/373/vsc37341/solo-learn/solo/utils/whitening.py:220: FutureWarning: `torch.cuda.amp.custom_fwd(args...)` is deprecated. Please use `torch.amp.custom_fwd(args..., device_type='cuda')` instead.
  @custom_fwd(cast_inputs=torch.float32)
/data/leuven/373/vsc37341/miniconda3/envs/wsi_env/lib/python3.11/site-packages/lightning/pytorch/plugins/precision/amp.py:54: `torch.cuda.amp.GradScaler(args...)` is deprecated. Please use `torch.amp.GradScaler('cuda', args...)` instead.
wandb: Currently logged in as: 947264731 (947264731-ku-leuven) to https://api.wandb.ai. Use `wandb login --relogin` to force relogin
wandb: Tracking run with wandb version 0.19.10
wandb: Run data is saved locally in ./wandb/run-20250523_060433-2513962w
wandb: Run `wandb offline` to turn off syncing.
wandb: Syncing run bracs-simclr
wandb: ⭐️ View project at https://wandb.ai/947264731-ku-leuven/solo-learn
wandb: 🚀 View run at https://wandb.ai/947264731-ku-leuven/solo-learn/runs/2513962w
wandb: logging graph, to disable use `wandb.watch(log_graph=False)`
/data/leuven/373/vsc37341/miniconda3/envs/wsi_env/lib/python3.11/site-packages/lightning/pytorch/plugins/precision/amp.py:54: `torch.cuda.amp.GradScaler(args...)` is deprecated. Please use `torch.amp.GradScaler('cuda', args...)` instead.
/data/leuven/373/vsc37341/miniconda3/envs/wsi_env/lib/python3.11/site-packages/lightning/pytorch/trainer/configuration_validator.py:74: You defined a `validation_step` but have no `val_dataloader`. Skipping val loop.
