SLURM_JOB_ID: 64334289
SLURM_JOB_USER: vsc37341
SLURM_JOB_ACCOUNT: intro_vsc37341
SLURM_JOB_NAME: TCGA-BRCA-Stain-Normlization
SLURM_CLUSTER_NAME: wice
SLURM_JOB_PARTITION: gpu_a100
SLURM_NNODES: 1
SLURM_NODELIST: k28g25
SLURM_JOB_CPUS_PER_NODE: 4
SLURM_JOB_GPUS: 1
Date: Sat Apr 12 21:53:44 CEST 2025
Walltime: 00-00:30:00
========================================================================
 Job ID: 64334289
 Node: k28g25
 Started at: Sat Apr 12 21:53:44 CEST 2025
✅ 正在使用 GPU 加速归一化处理

🎯 处理 TCGA-OL-A5RV-01Z-00-DX1.920AC243-1DAC-4854-BEB6-1CBCC950F26B
downsample [1. 1.]
downsampled_level_dim [24315 22157]
level_dim [24315 22157]
name TCGA-OL-A5RV-01Z-00-DX1.920AC243-1DAC-4854-BEB6-1CBCC950F26B
patch_level 0
patch_size 224
save_path /scratch/leuven/373/vsc37341/TCGA-BRCA/downsampled_20x_patch/patches

feature extraction settings
transformations:  Compose(
    ToTensor()
    Lambda()
)
