SLURM_JOB_ID: 64334271
SLURM_JOB_USER: vsc37341
SLURM_JOB_ACCOUNT: intro_vsc37341
SLURM_JOB_NAME: TCGA-BRCA-Stain-Normlization
SLURM_CLUSTER_NAME: wice
SLURM_JOB_PARTITION: gpu_a100
SLURM_NNODES: 1
SLURM_NODELIST: k28g25
SLURM_JOB_CPUS_PER_NODE: 4
SLURM_JOB_GPUS: 1
Date: Sat Apr 12 21:46:38 CEST 2025
Walltime: 00-00:30:00
========================================================================
 Job ID: 64334271
 Node: k28g25
 Started at: Sat Apr 12 21:46:38 CEST 2025
✅ 正在使用 GPU 加速归一化处理
✅ 已存在，跳过: TCGA-OL-A5RV-01Z-00-DX1.920AC243-1DAC-4854-BEB6-1CBCC950F26B
✅ 已存在，跳过: TCGA-AC-A6IW-01Z-00-DX1.C4514189-E64F-4603-8970-230FA2BB77FC
✅ Finished at: Sat Apr 12 21:46:53 CEST 2025
